<?xml version="1.0" encoding="UTF-8"?>
<!-- Generated by org.testng.reporters.JUnitXMLReporter -->
<testsuite ignored="0" hostname="DESKTOP-J896QN7" failures="0" tests="26" name="Different TestNG Features Test" time="29.668" errors="0" timestamp="2021-06-14T14:24:19 PKT">
  <testcase classname="com.test.ExceptionTimeOutTest" name="test1" time="0.005"/>
  <testcase classname="com.test.GoogleTest" name="googleTitleTest" time="0.014"/>
  <testcase classname="com.test.GoogleTest" name="googleLogoTest" time="0.066"/>
  <testcase classname="com.test.GoogleTest" name="gmailLinkTest" time="0.039"/>
  <testcase classname="com.test.GoogleTest" name="test2" time="0.002"/>
  <testcase classname="com.test.GoogleTest" name="test3" time="0.0"/>
  <testcase classname="com.test.GoogleTest" name="test1" time="0.001"/>
  <testcase classname="com.test.GoogleTitleTest" name="googleLogoTest" time="0.045"/>
  <testcase classname="com.test.GoogleTitleTest" name="googleTitleTest" time="0.008"/>
  <testcase classname="com.test.InvocationCountTest" name="sum" time="0.002"/>
  <testcase classname="com.test.InvocationCountTest" name="sum" time="0.002"/>
  <testcase classname="com.test.InvocationCountTest" name="sum" time="0.002"/>
  <testcase classname="com.test.InvocationCountTest" name="sum" time="0.002"/>
  <testcase classname="com.test.InvocationCountTest" name="sum" time="0.003"/>
  <testcase classname="com.test.InvocationCountTest" name="sum" time="0.002"/>
  <testcase classname="com.test.InvocationCountTest" name="sum" time="0.002"/>
  <testcase classname="com.test.InvocationCountTest" name="sum" time="0.001"/>
  <testcase classname="com.test.InvocationCountTest" name="sum" time="0.001"/>
  <testcase classname="com.test.InvocationCountTest" name="sum" time="0.001"/>
  <testcase classname="com.test.TestNG_Basics" name="googeTitleTest" time="0.001"/>
  <testcase classname="com.test.TestNG_Basics" name="googleLogoTest" time="0.001"/>
  <testcase classname="com.test.TestNG_Basics" name="searchTest" time="0.001"/>
  <testcase classname="com.test.TestNGFeatures" name="loginTest" time="0.001"/>
  <testcase classname="com.test.TestNGFeatures" name="HomePageTest" time="0.001"/>
  <testcase classname="com.test.TestNGFeatures" name="RegistrationPageTest" time="0.0"/>
  <testcase classname="com.test.TestNGFeatures" name="SearchPageTest" time="0.001"/>
</testsuite> <!-- Different TestNG Features Test -->
