<?xml version="1.0" encoding="UTF-8"?>
<testng-results ignored="0" total="26" passed="26" failed="0" skipped="0">
  <reporter-output>
  </reporter-output>
  <suite started-at="2021-06-14T14:23:49 PKT" name="TestNG Session Test Automation Suite" finished-at="2021-06-14T14:24:19 PKT" duration-ms="29668">
    <groups>
      <group name="test">
        <method signature="GoogleTest.test1()[pri:6, instance:com.test.GoogleTest@1e6a3214]" name="test1" class="com.test.GoogleTest"/>
        <method signature="GoogleTest.test2()[pri:4, instance:com.test.GoogleTest@1e6a3214]" name="test2" class="com.test.GoogleTest"/>
        <method signature="GoogleTest.test3()[pri:5, instance:com.test.GoogleTest@1e6a3214]" name="test3" class="com.test.GoogleTest"/>
      </group> <!-- test -->
      <group name="Gmail_Link">
        <method signature="GoogleTest.gmailLinkTest()[pri:3, instance:com.test.GoogleTest@1e6a3214]" name="gmailLinkTest" class="com.test.GoogleTest"/>
      </group> <!-- Gmail_Link -->
      <group name="Title">
        <method signature="GoogleTest.googleTitleTest()[pri:1, instance:com.test.GoogleTest@1e6a3214]" name="googleTitleTest" class="com.test.GoogleTest"/>
      </group> <!-- Title -->
      <group name="G_Image">
        <method signature="GoogleTest.googleLogoTest()[pri:2, instance:com.test.GoogleTest@1e6a3214]" name="googleLogoTest" class="com.test.GoogleTest"/>
      </group> <!-- G_Image -->
    </groups>
    <test started-at="2021-06-14T14:23:49 PKT" name="Different TestNG Features Test" finished-at="2021-06-14T14:24:19 PKT" duration-ms="29668">
      <class name="com.test.GoogleTest">
        <test-method is-config="true" signature="setUp()[pri:0, instance:com.test.GoogleTest@1e6a3214]" started-at="2021-06-14T14:23:49 PKT" name="setUp" finished-at="2021-06-14T14:23:53 PKT" duration-ms="4260" status="PASS">
          <reporter-output>
          </reporter-output>
        </test-method> <!-- setUp -->
        <test-method signature="googleTitleTest()[pri:1, instance:com.test.GoogleTest@1e6a3214]" started-at="2021-06-14T14:23:53 PKT" name="googleTitleTest" finished-at="2021-06-14T14:23:53 PKT" duration-ms="14" status="PASS">
          <reporter-output>
          </reporter-output>
        </test-method> <!-- googleTitleTest -->
        <test-method is-config="true" signature="tearDown()[pri:0, instance:com.test.GoogleTest@1e6a3214]" started-at="2021-06-14T14:23:53 PKT" name="tearDown" finished-at="2021-06-14T14:23:55 PKT" duration-ms="1291" status="PASS">
          <reporter-output>
          </reporter-output>
        </test-method> <!-- tearDown -->
        <test-method is-config="true" signature="setUp()[pri:0, instance:com.test.GoogleTest@1e6a3214]" started-at="2021-06-14T14:23:55 PKT" name="setUp" finished-at="2021-06-14T14:23:57 PKT" duration-ms="2741" status="PASS">
          <reporter-output>
          </reporter-output>
        </test-method> <!-- setUp -->
        <test-method signature="googleLogoTest()[pri:2, instance:com.test.GoogleTest@1e6a3214]" started-at="2021-06-14T14:23:57 PKT" name="googleLogoTest" finished-at="2021-06-14T14:23:57 PKT" duration-ms="66" status="PASS">
          <reporter-output>
          </reporter-output>
        </test-method> <!-- googleLogoTest -->
        <test-method is-config="true" signature="tearDown()[pri:0, instance:com.test.GoogleTest@1e6a3214]" started-at="2021-06-14T14:23:57 PKT" name="tearDown" finished-at="2021-06-14T14:23:58 PKT" duration-ms="704" status="PASS">
          <reporter-output>
          </reporter-output>
        </test-method> <!-- tearDown -->
        <test-method is-config="true" signature="setUp()[pri:0, instance:com.test.GoogleTest@1e6a3214]" started-at="2021-06-14T14:23:58 PKT" name="setUp" finished-at="2021-06-14T14:24:01 PKT" duration-ms="2676" status="PASS">
          <reporter-output>
          </reporter-output>
        </test-method> <!-- setUp -->
        <test-method signature="gmailLinkTest()[pri:3, instance:com.test.GoogleTest@1e6a3214]" started-at="2021-06-14T14:24:01 PKT" name="gmailLinkTest" finished-at="2021-06-14T14:24:01 PKT" duration-ms="39" status="PASS">
          <reporter-output>
          </reporter-output>
        </test-method> <!-- gmailLinkTest -->
        <test-method is-config="true" signature="tearDown()[pri:0, instance:com.test.GoogleTest@1e6a3214]" started-at="2021-06-14T14:24:01 PKT" name="tearDown" finished-at="2021-06-14T14:24:02 PKT" duration-ms="694" status="PASS">
          <reporter-output>
          </reporter-output>
        </test-method> <!-- tearDown -->
        <test-method is-config="true" signature="setUp()[pri:0, instance:com.test.GoogleTest@1e6a3214]" started-at="2021-06-14T14:24:02 PKT" name="setUp" finished-at="2021-06-14T14:24:04 PKT" duration-ms="2646" status="PASS">
          <reporter-output>
          </reporter-output>
        </test-method> <!-- setUp -->
        <test-method signature="test2()[pri:4, instance:com.test.GoogleTest@1e6a3214]" started-at="2021-06-14T14:24:04 PKT" name="test2" finished-at="2021-06-14T14:24:04 PKT" duration-ms="2" status="PASS">
          <reporter-output>
          </reporter-output>
        </test-method> <!-- test2 -->
        <test-method is-config="true" signature="tearDown()[pri:0, instance:com.test.GoogleTest@1e6a3214]" started-at="2021-06-14T14:24:04 PKT" name="tearDown" finished-at="2021-06-14T14:24:05 PKT" duration-ms="683" status="PASS">
          <reporter-output>
          </reporter-output>
        </test-method> <!-- tearDown -->
        <test-method is-config="true" signature="setUp()[pri:0, instance:com.test.GoogleTest@1e6a3214]" started-at="2021-06-14T14:24:05 PKT" name="setUp" finished-at="2021-06-14T14:24:08 PKT" duration-ms="2686" status="PASS">
          <reporter-output>
          </reporter-output>
        </test-method> <!-- setUp -->
        <test-method signature="test3()[pri:5, instance:com.test.GoogleTest@1e6a3214]" started-at="2021-06-14T14:24:08 PKT" name="test3" finished-at="2021-06-14T14:24:08 PKT" duration-ms="0" status="PASS">
          <reporter-output>
          </reporter-output>
        </test-method> <!-- test3 -->
        <test-method is-config="true" signature="tearDown()[pri:0, instance:com.test.GoogleTest@1e6a3214]" started-at="2021-06-14T14:24:08 PKT" name="tearDown" finished-at="2021-06-14T14:24:08 PKT" duration-ms="651" status="PASS">
          <reporter-output>
          </reporter-output>
        </test-method> <!-- tearDown -->
        <test-method is-config="true" signature="setUp()[pri:0, instance:com.test.GoogleTest@1e6a3214]" started-at="2021-06-14T14:24:08 PKT" name="setUp" finished-at="2021-06-14T14:24:11 PKT" duration-ms="2722" status="PASS">
          <reporter-output>
          </reporter-output>
        </test-method> <!-- setUp -->
        <test-method signature="test1()[pri:6, instance:com.test.GoogleTest@1e6a3214]" started-at="2021-06-14T14:24:11 PKT" name="test1" finished-at="2021-06-14T14:24:11 PKT" duration-ms="1" status="PASS">
          <reporter-output>
          </reporter-output>
        </test-method> <!-- test1 -->
        <test-method is-config="true" signature="tearDown()[pri:0, instance:com.test.GoogleTest@1e6a3214]" started-at="2021-06-14T14:24:11 PKT" name="tearDown" finished-at="2021-06-14T14:24:12 PKT" duration-ms="665" status="PASS">
          <reporter-output>
          </reporter-output>
        </test-method> <!-- tearDown -->
      </class> <!-- com.test.GoogleTest -->
      <class name="com.test.GoogleTitleTest">
        <test-method is-config="true" signature="setUp()[pri:0, instance:com.test.GoogleTitleTest@2cf3d63b]" started-at="2021-06-14T14:24:12 PKT" name="setUp" finished-at="2021-06-14T14:24:14 PKT" duration-ms="2767" status="PASS">
          <reporter-output>
          </reporter-output>
        </test-method> <!-- setUp -->
        <test-method signature="googleLogoTest()[pri:0, instance:com.test.GoogleTitleTest@2cf3d63b]" started-at="2021-06-14T14:24:14 PKT" name="googleLogoTest" finished-at="2021-06-14T14:24:14 PKT" duration-ms="45" status="PASS">
          <reporter-output>
          </reporter-output>
        </test-method> <!-- googleLogoTest -->
        <test-method is-config="true" signature="tearDown()[pri:0, instance:com.test.GoogleTitleTest@2cf3d63b]" started-at="2021-06-14T14:24:14 PKT" name="tearDown" finished-at="2021-06-14T14:24:15 PKT" duration-ms="666" status="PASS">
          <reporter-output>
          </reporter-output>
        </test-method> <!-- tearDown -->
        <test-method is-config="true" signature="setUp()[pri:0, instance:com.test.GoogleTitleTest@2cf3d63b]" started-at="2021-06-14T14:24:15 PKT" name="setUp" finished-at="2021-06-14T14:24:18 PKT" duration-ms="2865" status="PASS">
          <reporter-output>
          </reporter-output>
        </test-method> <!-- setUp -->
        <test-method signature="googleTitleTest()[pri:0, instance:com.test.GoogleTitleTest@2cf3d63b]" started-at="2021-06-14T14:24:18 PKT" name="googleTitleTest" finished-at="2021-06-14T14:24:18 PKT" duration-ms="8" status="PASS">
          <reporter-output>
          </reporter-output>
        </test-method> <!-- googleTitleTest -->
        <test-method is-config="true" signature="tearDown()[pri:0, instance:com.test.GoogleTitleTest@2cf3d63b]" started-at="2021-06-14T14:24:18 PKT" name="tearDown" finished-at="2021-06-14T14:24:19 PKT" duration-ms="647" status="PASS">
          <reporter-output>
          </reporter-output>
        </test-method> <!-- tearDown -->
      </class> <!-- com.test.GoogleTitleTest -->
      <class name="com.test.TestNG_Basics">
        <test-method is-config="true" signature="setUp()[pri:0, instance:com.test.TestNG_Basics@3e8c3cb]" started-at="2021-06-14T14:23:49 PKT" name="setUp" finished-at="2021-06-14T14:23:49 PKT" duration-ms="7" status="PASS">
          <reporter-output>
          </reporter-output>
        </test-method> <!-- setUp -->
        <test-method is-config="true" signature="launchBrowser()[pri:0, instance:com.test.TestNG_Basics@3e8c3cb]" started-at="2021-06-14T14:23:49 PKT" name="launchBrowser" finished-at="2021-06-14T14:23:49 PKT" duration-ms="1" status="PASS">
          <reporter-output>
          </reporter-output>
        </test-method> <!-- launchBrowser -->
        <test-method is-config="true" signature="login()[pri:0, instance:com.test.TestNG_Basics@3e8c3cb]" started-at="2021-06-14T14:24:19 PKT" name="login" finished-at="2021-06-14T14:24:19 PKT" duration-ms="1" status="PASS">
          <reporter-output>
          </reporter-output>
        </test-method> <!-- login -->
        <test-method is-config="true" signature="enterUrl()[pri:0, instance:com.test.TestNG_Basics@3e8c3cb]" started-at="2021-06-14T14:24:19 PKT" name="enterUrl" finished-at="2021-06-14T14:24:19 PKT" duration-ms="0" status="PASS">
          <reporter-output>
          </reporter-output>
        </test-method> <!-- enterUrl -->
        <test-method signature="googeTitleTest()[pri:0, instance:com.test.TestNG_Basics@3e8c3cb]" started-at="2021-06-14T14:24:19 PKT" name="googeTitleTest" finished-at="2021-06-14T14:24:19 PKT" duration-ms="1" status="PASS">
          <reporter-output>
          </reporter-output>
        </test-method> <!-- googeTitleTest -->
        <test-method is-config="true" signature="logout()[pri:0, instance:com.test.TestNG_Basics@3e8c3cb]" started-at="2021-06-14T14:24:19 PKT" name="logout" finished-at="2021-06-14T14:24:19 PKT" duration-ms="0" status="PASS">
          <reporter-output>
          </reporter-output>
        </test-method> <!-- logout -->
        <test-method is-config="true" signature="enterUrl()[pri:0, instance:com.test.TestNG_Basics@3e8c3cb]" started-at="2021-06-14T14:24:19 PKT" name="enterUrl" finished-at="2021-06-14T14:24:19 PKT" duration-ms="0" status="PASS">
          <reporter-output>
          </reporter-output>
        </test-method> <!-- enterUrl -->
        <test-method signature="googleLogoTest()[pri:0, instance:com.test.TestNG_Basics@3e8c3cb]" started-at="2021-06-14T14:24:19 PKT" name="googleLogoTest" finished-at="2021-06-14T14:24:19 PKT" duration-ms="1" status="PASS">
          <reporter-output>
          </reporter-output>
        </test-method> <!-- googleLogoTest -->
        <test-method is-config="true" signature="logout()[pri:0, instance:com.test.TestNG_Basics@3e8c3cb]" started-at="2021-06-14T14:24:19 PKT" name="logout" finished-at="2021-06-14T14:24:19 PKT" duration-ms="0" status="PASS">
          <reporter-output>
          </reporter-output>
        </test-method> <!-- logout -->
        <test-method is-config="true" signature="enterUrl()[pri:0, instance:com.test.TestNG_Basics@3e8c3cb]" started-at="2021-06-14T14:24:19 PKT" name="enterUrl" finished-at="2021-06-14T14:24:19 PKT" duration-ms="0" status="PASS">
          <reporter-output>
          </reporter-output>
        </test-method> <!-- enterUrl -->
        <test-method signature="searchTest()[pri:0, instance:com.test.TestNG_Basics@3e8c3cb]" started-at="2021-06-14T14:24:19 PKT" name="searchTest" finished-at="2021-06-14T14:24:19 PKT" duration-ms="1" status="PASS">
          <reporter-output>
          </reporter-output>
        </test-method> <!-- searchTest -->
        <test-method is-config="true" signature="logout()[pri:0, instance:com.test.TestNG_Basics@3e8c3cb]" started-at="2021-06-14T14:24:19 PKT" name="logout" finished-at="2021-06-14T14:24:19 PKT" duration-ms="0" status="PASS">
          <reporter-output>
          </reporter-output>
        </test-method> <!-- logout -->
        <test-method is-config="true" signature="clossBrowser()[pri:0, instance:com.test.TestNG_Basics@3e8c3cb]" started-at="2021-06-14T14:24:19 PKT" name="clossBrowser" finished-at="2021-06-14T14:24:19 PKT" duration-ms="0" status="PASS">
          <reporter-output>
          </reporter-output>
        </test-method> <!-- clossBrowser -->
        <test-method is-config="true" signature="deleteAllCookies()[pri:0, instance:com.test.TestNG_Basics@3e8c3cb]" started-at="2021-06-14T14:24:19 PKT" name="deleteAllCookies" finished-at="2021-06-14T14:24:19 PKT" duration-ms="0" status="PASS">
          <reporter-output>
          </reporter-output>
        </test-method> <!-- deleteAllCookies -->
      </class> <!-- com.test.TestNG_Basics -->
      <class name="com.test.InvocationCountTest">
        <test-method signature="sum()[pri:0, instance:com.test.InvocationCountTest@7674f035]" started-at="2021-06-14T14:24:19 PKT" name="sum" finished-at="2021-06-14T14:24:19 PKT" duration-ms="2" status="PASS">
          <reporter-output>
          </reporter-output>
        </test-method> <!-- sum -->
        <test-method signature="sum()[pri:0, instance:com.test.InvocationCountTest@7674f035]" started-at="2021-06-14T14:24:19 PKT" name="sum" finished-at="2021-06-14T14:24:19 PKT" duration-ms="2" status="PASS">
          <reporter-output>
          </reporter-output>
        </test-method> <!-- sum -->
        <test-method signature="sum()[pri:0, instance:com.test.InvocationCountTest@7674f035]" started-at="2021-06-14T14:24:19 PKT" name="sum" finished-at="2021-06-14T14:24:19 PKT" duration-ms="2" status="PASS">
          <reporter-output>
          </reporter-output>
        </test-method> <!-- sum -->
        <test-method signature="sum()[pri:0, instance:com.test.InvocationCountTest@7674f035]" started-at="2021-06-14T14:24:19 PKT" name="sum" finished-at="2021-06-14T14:24:19 PKT" duration-ms="2" status="PASS">
          <reporter-output>
          </reporter-output>
        </test-method> <!-- sum -->
        <test-method signature="sum()[pri:0, instance:com.test.InvocationCountTest@7674f035]" started-at="2021-06-14T14:24:19 PKT" name="sum" finished-at="2021-06-14T14:24:19 PKT" duration-ms="3" status="PASS">
          <reporter-output>
          </reporter-output>
        </test-method> <!-- sum -->
        <test-method signature="sum()[pri:0, instance:com.test.InvocationCountTest@7674f035]" started-at="2021-06-14T14:24:19 PKT" name="sum" finished-at="2021-06-14T14:24:19 PKT" duration-ms="2" status="PASS">
          <reporter-output>
          </reporter-output>
        </test-method> <!-- sum -->
        <test-method signature="sum()[pri:0, instance:com.test.InvocationCountTest@7674f035]" started-at="2021-06-14T14:24:19 PKT" name="sum" finished-at="2021-06-14T14:24:19 PKT" duration-ms="2" status="PASS">
          <reporter-output>
          </reporter-output>
        </test-method> <!-- sum -->
        <test-method signature="sum()[pri:0, instance:com.test.InvocationCountTest@7674f035]" started-at="2021-06-14T14:24:19 PKT" name="sum" finished-at="2021-06-14T14:24:19 PKT" duration-ms="1" status="PASS">
          <reporter-output>
          </reporter-output>
        </test-method> <!-- sum -->
        <test-method signature="sum()[pri:0, instance:com.test.InvocationCountTest@7674f035]" started-at="2021-06-14T14:24:19 PKT" name="sum" finished-at="2021-06-14T14:24:19 PKT" duration-ms="1" status="PASS">
          <reporter-output>
          </reporter-output>
        </test-method> <!-- sum -->
        <test-method signature="sum()[pri:0, instance:com.test.InvocationCountTest@7674f035]" started-at="2021-06-14T14:24:19 PKT" name="sum" finished-at="2021-06-14T14:24:19 PKT" duration-ms="1" status="PASS">
          <reporter-output>
          </reporter-output>
        </test-method> <!-- sum -->
      </class> <!-- com.test.InvocationCountTest -->
      <class name="com.test.TestNGFeatures">
        <test-method signature="loginTest()[pri:0, instance:com.test.TestNGFeatures@54422e18]" started-at="2021-06-14T14:24:19 PKT" name="loginTest" finished-at="2021-06-14T14:24:19 PKT" duration-ms="1" status="PASS">
          <reporter-output>
          </reporter-output>
        </test-method> <!-- loginTest -->
        <test-method signature="HomePageTest()[pri:0, instance:com.test.TestNGFeatures@54422e18]" started-at="2021-06-14T14:24:19 PKT" name="HomePageTest" finished-at="2021-06-14T14:24:19 PKT" depends-on-methods="com.test.TestNGFeatures.loginTest" duration-ms="1" status="PASS">
          <reporter-output>
          </reporter-output>
        </test-method> <!-- HomePageTest -->
        <test-method signature="RegistrationPageTest()[pri:0, instance:com.test.TestNGFeatures@54422e18]" started-at="2021-06-14T14:24:19 PKT" name="RegistrationPageTest" finished-at="2021-06-14T14:24:19 PKT" depends-on-methods="com.test.TestNGFeatures.loginTest" duration-ms="0" status="PASS">
          <reporter-output>
          </reporter-output>
        </test-method> <!-- RegistrationPageTest -->
        <test-method signature="SearchPageTest()[pri:0, instance:com.test.TestNGFeatures@54422e18]" started-at="2021-06-14T14:24:19 PKT" name="SearchPageTest" finished-at="2021-06-14T14:24:19 PKT" depends-on-methods="com.test.TestNGFeatures.loginTest" duration-ms="1" status="PASS">
          <reporter-output>
          </reporter-output>
        </test-method> <!-- SearchPageTest -->
      </class> <!-- com.test.TestNGFeatures -->
      <class name="com.test.ExceptionTimeOutTest">
        <test-method signature="test1()[pri:0, instance:com.test.ExceptionTimeOutTest@70e9c95d]" started-at="2021-06-14T14:23:49 PKT" name="test1" finished-at="2021-06-14T14:23:49 PKT" duration-ms="5" status="PASS">
          <exception class="java.lang.NumberFormatException">
            <message>
              <![CDATA[For input string: "100A"]]>
            </message>
            <full-stacktrace>
              <![CDATA[java.lang.NumberFormatException: For input string: "100A"
at java.base/java.lang.NumberFormatException.forInputString(NumberFormatException.java:68)
at java.base/java.lang.Integer.parseInt(Integer.java:652)
at java.base/java.lang.Integer.parseInt(Integer.java:770)
at com.test.ExceptionTimeOutTest.test1(ExceptionTimeOutTest.java:17)
at java.base/jdk.internal.reflect.NativeMethodAccessorImpl.invoke0(Native Method)
at java.base/jdk.internal.reflect.NativeMethodAccessorImpl.invoke(NativeMethodAccessorImpl.java:64)
at java.base/jdk.internal.reflect.DelegatingMethodAccessorImpl.invoke(DelegatingMethodAccessorImpl.java:43)
at java.base/java.lang.reflect.Method.invoke(Method.java:564)
at org.testng.internal.MethodInvocationHelper.invokeMethod(MethodInvocationHelper.java:133)
at org.testng.internal.TestInvoker.invokeMethod(TestInvoker.java:598)
at org.testng.internal.TestInvoker.invokeTestMethod(TestInvoker.java:173)
at org.testng.internal.MethodRunner.runInSequence(MethodRunner.java:46)
at org.testng.internal.TestInvoker$MethodInvocationAgent.invoke(TestInvoker.java:824)
at org.testng.internal.TestInvoker.invokeTestMethods(TestInvoker.java:146)
at org.testng.internal.TestMethodWorker.invokeTestMethods(TestMethodWorker.java:146)
at org.testng.internal.TestMethodWorker.run(TestMethodWorker.java:128)
at java.base/java.util.ArrayList.forEach(ArrayList.java:1511)
at org.testng.TestRunner.privateRun(TestRunner.java:794)
at org.testng.TestRunner.run(TestRunner.java:596)
at org.testng.SuiteRunner.runTest(SuiteRunner.java:377)
at org.testng.SuiteRunner.runSequentially(SuiteRunner.java:371)
at org.testng.SuiteRunner.privateRun(SuiteRunner.java:332)
at org.testng.SuiteRunner.run(SuiteRunner.java:276)
at org.testng.SuiteRunnerWorker.runSuite(SuiteRunnerWorker.java:53)
at org.testng.SuiteRunnerWorker.run(SuiteRunnerWorker.java:96)
at org.testng.TestNG.runSuitesSequentially(TestNG.java:1212)
at org.testng.TestNG.runSuitesLocally(TestNG.java:1134)
at org.testng.TestNG.runSuites(TestNG.java:1063)
at org.testng.TestNG.run(TestNG.java:1031)
at org.testng.remote.AbstractRemoteTestNG.run(AbstractRemoteTestNG.java:115)
at org.testng.remote.RemoteTestNG.initAndRun(RemoteTestNG.java:251)
at org.testng.remote.RemoteTestNG.main(RemoteTestNG.java:77)
]]>
            </full-stacktrace>
          </exception> <!-- java.lang.NumberFormatException -->
          <reporter-output>
          </reporter-output>
        </test-method> <!-- test1 -->
      </class> <!-- com.test.ExceptionTimeOutTest -->
    </test> <!-- Different TestNG Features Test -->
  </suite> <!-- TestNG Session Test Automation Suite -->
</testng-results>
